?   	github.com/asymmetrica/urbanlens/cmd/aimlapi_demo	[no test files]
?   	github.com/asymmetrica/urbanlens/cmd/asya	[no test files]
?   	github.com/asymmetrica/urbanlens/cmd/quality-gate	[no test files]
?   	github.com/asymmetrica/urbanlens/cmd/urbanlens	[no test files]
?   	github.com/asymmetrica/urbanlens/pkg/aiml	[no test files]
ok  	github.com/asymmetrica/urbanlens/pkg/aimlapi	(cached)
?   	github.com/asymmetrica/urbanlens/pkg/alchemy	[no test files]
?   	github.com/asymmetrica/urbanlens/pkg/algorithms	[no test files]
?   	github.com/asymmetrica/urbanlens/pkg/api	[no test files]
ok  	github.com/asymmetrica/urbanlens/pkg/chat	(cached)
?   	github.com/asymmetrica/urbanlens/pkg/climate	[no test files]
--- FAIL: TestCognitionBasic (0.00s)
    example_test.go:213: Expected THOUGHT, got STATE_SNAPSHOT
    example_test.go:216: Unexpected message: ðŸ§  Cognition observation started
FAIL
FAIL	github.com/asymmetrica/urbanlens/pkg/cognition	4.239s
?   	github.com/asymmetrica/urbanlens/pkg/config	[no test files]
ok  	github.com/asymmetrica/urbanlens/pkg/conversation	(cached)
?   	github.com/asymmetrica/urbanlens/pkg/cultural	[no test files]
?   	github.com/asymmetrica/urbanlens/pkg/dilr	[no test files]
?   	github.com/asymmetrica/urbanlens/pkg/ecosystem	[no test files]
?   	github.com/asymmetrica/urbanlens/pkg/generation	[no test files]
ok  	github.com/asymmetrica/urbanlens/pkg/gpu	(cached)
?   	github.com/asymmetrica/urbanlens/pkg/healing	[no test files]
?   	github.com/asymmetrica/urbanlens/pkg/healing/parsers	[no test files]
?   	github.com/asymmetrica/urbanlens/pkg/i18n	[no test files]
--- FAIL: TestSemanticKeywordExpansion (0.00s)
    --- FAIL: TestSemanticKeywordExpansion/view_list_of_todos_and_remove_completed_tasks (0.00s)
        pattern_matching_integration_test.go:235: Keyword 'view' â†’ Feature 'read_operation'
        pattern_matching_integration_test.go:235: Keyword 'list' â†’ Feature 'delete_operation'
panic: runtime error: index out of range [2] with length 2 [recovered, repanicked]

goroutine 166 [running]:
testing.tRunner.func1.2({0x7ff71936a1a0, 0xc000492378})
	C:/Program Files/Go/src/testing/testing.go:1872 +0x239
testing.tRunner.func1()
	C:/Program Files/Go/src/testing/testing.go:1875 +0x35b
panic({0x7ff71936a1a0?, 0xc000492378?})
	C:/Program Files/Go/src/runtime/panic.go:783 +0x132
github.com/asymmetrica/urbanlens/pkg/intelligence.TestSemanticKeywordExpansion.func1(0xc0004e7500)
	C:/Projects/asymm_urbanlens/pkg/intelligence/pattern_matching_integration_test.go:234 +0x199
testing.tRunner(0xc0004e7500, 0xc0004ceeb0)
	C:/Program Files/Go/src/testing/testing.go:1934 +0xc3
created by testing.(*T).Run in goroutine 164
	C:/Program Files/Go/src/testing/testing.go:1997 +0x44b
FAIL	github.com/asymmetrica/urbanlens/pkg/intelligence	64.795s
--- FAIL: TestSemanticSonar_PING_AnalyzesDeps (0.00s)
    semantic_sonar_exhaustive_test.go:631: Duration = 0s, want > 0
FAIL
FAIL	github.com/asymmetrica/urbanlens/pkg/intelligence/sonars	0.902s
ok  	github.com/asymmetrica/urbanlens/pkg/isomorphism	(cached)
ok  	github.com/asymmetrica/urbanlens/pkg/knowledge	(cached)
ok  	github.com/asymmetrica/urbanlens/pkg/lean	(cached)
--- FAIL: TestCalculateCommitScore (0.00s)
    --- FAIL: TestCalculateCommitScore/good_commit (0.00s)
        confidence_scorer_test.go:139: CommitScore("Fixed error handling in user authentication") = 0.950, want [0.500, 0.800]
        confidence_scorer_test.go:142: Commit 'Fixed error handling in user authentication' score: 0.950
--- FAIL: TestCalculateFrequencyScore (0.00s)
    --- FAIL: TestCalculateFrequencyScore/freq=\x01 (0.00s)
        confidence_scorer_test.go:216: FrequencyScore(1, 10) = 0.495, want [0.300, 0.300]
    --- FAIL: TestCalculateFrequencyScore/freq=\x03 (0.00s)
        confidence_scorer_test.go:216: FrequencyScore(3, 10) = 0.691, want [0.500, 0.650]
    --- FAIL: TestCalculateFrequencyScore/freq=\x05 (0.00s)
        confidence_scorer_test.go:216: FrequencyScore(5, 10) = 0.805, want [0.650, 0.750]
    --- FAIL: TestCalculateFrequencyScore/freq=_ (0.00s)
        confidence_scorer_test.go:216: FrequencyScore(10, 10) = 0.975, want [0.800, 0.950]
Applied migration 1: initial_schema
âœ“ Database created with schema
âœ“ Error 1 classified: 8:f149d6e9 (type: compile, DR: 8)
âœ“ Error 2 classified: 8:f149d6e9 (type: compile, DR: 8)
âœ“ Error 3 classified: 3:895c404a (type: compile, DR: 3)
âœ“ Same error different files â†’ SAME signature (VERIFIED)
âœ“ Pattern added to database (ID: 1)
âœ“ Pattern found: import "fmt" (confidence: 0.95)
âœ“ Application recorded (outcome: success)
âœ“ Pattern success count incremented

=== AGENT 0.3 COMPLETE DEMO: ALL SYSTEMS OPERATIONAL ===
--- FAIL: TestRemoveFilePaths (0.00s)
    error_normalizer_test.go:28: RemoveFilePaths("github.com/user/repo/pkg/file.go:10") = "<FILE>:10", want "github.com/user/repo/pkg/<FILE>:10"
--- FAIL: TestRemoveVariableNames (0.00s)
    error_normalizer_test.go:68: RemoveVariableNames("cannot use userName") = "cannot use userName", want "cannot use <VAR>"
--- FAIL: TestRemovePackagePaths (0.00s)
    error_normalizer_test.go:108: RemovePackagePaths("gopkg.in/yaml.v2") = "gopkg.in/yaml.v2", want "<PKG>"
Applied migration 1: initial_schema
Applied migration 1: initial_schema
Applied migration 1: initial_schema
Applied migration 1: initial_schema
Applied migration 1: initial_schema
--- FAIL: TestMergePatterns_UpdateExisting (0.02s)
    merger_test.go:154: Expected frequency 8 (5+3), got 6
    merger_test.go:159: Expected success count 7 (4+3), got 0
    merger_test.go:164: Expected 4 repo sources, got 2
Applied migration 1: initial_schema
Applied migration 1: initial_schema
Applied migration 1: initial_schema
Applied migration 1: initial_schema
Applied migration 1: initial_schema
Applied migration 1: initial_schema
Applied migration 1: initial_schema
--- FAIL: TestFindPatternsWithMinConfidence (0.03s)
    pattern_db_test.go:322: Pattern with confidence 0.3 should not be found (minConfidence=0.5), got 2
--- FAIL: TestPatternLearner_LearnSuccess (0.00s)
    pattern_learner_test.go:62: Failed to add pattern: failed to add pattern: SQL logic error: no such table: patterns (1)
--- FAIL: TestPatternLearner_LearnSuccess_ConfidenceCapped (0.00s)
panic: runtime error: invalid memory address or nil pointer dereference [recovered, repanicked]
[signal 0xc0000005 code=0x0 addr=0x68 pc=0x7ff61c5345ba]

goroutine 264 [running]:
testing.tRunner.func1.2({0x7ff61c57e3c0, 0x7ff61c90a850})
	C:/Program Files/Go/src/testing/testing.go:1872 +0x239
testing.tRunner.func1()
	C:/Program Files/Go/src/testing/testing.go:1875 +0x35b
panic({0x7ff61c57e3c0?, 0x7ff61c90a850?})
	C:/Program Files/Go/src/runtime/panic.go:783 +0x132
github.com/asymmetrica/urbanlens/pkg/learning.TestPatternLearner_LearnSuccess_ConfidenceCapped(0xc000184e00)
	C:/Projects/asymm_urbanlens/pkg/learning/pattern_learner_test.go:143 +0x3ba
testing.tRunner(0xc000184e00, 0x7ff61c5f17a8)
	C:/Program Files/Go/src/testing/testing.go:1934 +0xc3
created by testing.(*T).Run in goroutine 1
	C:/Program Files/Go/src/testing/testing.go:1997 +0x44b
FAIL	github.com/asymmetrica/urbanlens/pkg/learning	5.514s
?   	github.com/asymmetrica/urbanlens/pkg/learning/parsers	[no test files]
ok  	github.com/asymmetrica/urbanlens/pkg/linguistics	(cached) [no tests to run]
--- FAIL: TestNormalizeSolution (0.00s)
    matching_test.go:152: NormalizeSolution("if err != nil { return fmt.Errorf(\"error: %v\", err) }") missing "<FUNC>", got: "if <VAR> != nil { return <VAR>.<TYPE>(<LITERAL>, <VAR>) }"
--- FAIL: TestTemplateEngine_ExtractBindings (0.00s)
    matching_test.go:186: ExtractBindings failed: placeholder count mismatch: expected 2, got 3
--- FAIL: Example_basicFuzzyMatching (0.00s)
got:
Found 2 match(es)
Best match: error_check (score: 1.00)
want:
Found 1 match(es)
Best match: error_check (score: 0.94)
--- FAIL: Example_templateEngine (0.00s)
got:
Instantiated: if err != nil { return fmt.Errorf(err) }
Extracted bindings: var=<nil>, func=<nil>
want:
Instantiated: if err != nil { return fmt.Errorf(err) }
Extracted bindings: var=err, func=fmt.Errorf
--- FAIL: Example_patternRanking (0.00s)
got:
Rank 1: high_quality (quality: 0.900)
Rank 2: low_quality (quality: 0.116)
want:
Rank 1: high_quality (quality: 0.547)
Rank 2: low_quality (quality: 0.030)
--- FAIL: Example_multiTierMatching (0.00s)
got:
Tier 1 (exact): algorithm=exact, score=1.00
want:
Tier 1 (exact): algorithm=exact, score=1.00
Tier 2 (fuzzy): algorithm=fuzzy, score=1.00
FAIL
FAIL	github.com/asymmetrica/urbanlens/pkg/matching	0.744s
?   	github.com/asymmetrica/urbanlens/pkg/math	[no test files]
ok  	github.com/asymmetrica/urbanlens/pkg/media	(cached)
ok  	github.com/asymmetrica/urbanlens/pkg/ocr	(cached)
ok  	github.com/asymmetrica/urbanlens/pkg/office	(cached)
ok  	github.com/asymmetrica/urbanlens/pkg/opencode	(cached)
?   	github.com/asymmetrica/urbanlens/pkg/orchestrator	[no test files]
?   	github.com/asymmetrica/urbanlens/pkg/reasoning	[no test files]
?   	github.com/asymmetrica/urbanlens/pkg/research	[no test files]
?   	github.com/asymmetrica/urbanlens/pkg/streaming	[no test files]
?   	github.com/asymmetrica/urbanlens/pkg/swarm	[no test files]
ok  	github.com/asymmetrica/urbanlens/pkg/transcription	(cached)
?   	github.com/asymmetrica/urbanlens/pkg/urban	[no test files]
?   	github.com/asymmetrica/urbanlens/pkg/vedic	[no test files]
?   	github.com/asymmetrica/urbanlens/pkg/verification	[no test files]
ok  	github.com/asymmetrica/urbanlens/pkg/vqc	(cached)
?   	github.com/asymmetrica/urbanlens/scripts	[no test files]
ok  	github.com/asymmetrica/urbanlens/tests	(cached)
FAIL
